{"C:\\Users\\abbez\\Desktop\\Team-Profile-Generator\\Develop\\Library\\Employee.js": {"path":"C:\\Users\\abbez\\Desktop\\Team-Profile-Generator\\Develop\\Library\\Employee.js","statementMap":{"0":{"start":{"line":3,"column":4},"end":{"line":3,"column":21}},"1":{"start":{"line":4,"column":4},"end":{"line":4,"column":17}},"2":{"start":{"line":5,"column":4},"end":{"line":5,"column":23}},"3":{"start":{"line":9,"column":4},"end":{"line":9,"column":21}},"4":{"start":{"line":12,"column":4},"end":{"line":12,"column":19}},"5":{"start":{"line":15,"column":4},"end":{"line":15,"column":22}},"6":{"start":{"line":18,"column":4},"end":{"line":18,"column":22}},"7":{"start":{"line":22,"column":0},"end":{"line":22,"column":26}}},"fnMap":{"0":{"name":"(anonymous_0)","decl":{"start":{"line":2,"column":2},"end":{"line":2,"column":3}},"loc":{"start":{"line":2,"column":31},"end":{"line":6,"column":3}},"line":2},"1":{"name":"(anonymous_1)","decl":{"start":{"line":8,"column":2},"end":{"line":8,"column":3}},"loc":{"start":{"line":8,"column":12},"end":{"line":10,"column":3}},"line":8},"2":{"name":"(anonymous_2)","decl":{"start":{"line":11,"column":2},"end":{"line":11,"column":3}},"loc":{"start":{"line":11,"column":10},"end":{"line":13,"column":3}},"line":11},"3":{"name":"(anonymous_3)","decl":{"start":{"line":14,"column":2},"end":{"line":14,"column":3}},"loc":{"start":{"line":14,"column":13},"end":{"line":16,"column":3}},"line":14},"4":{"name":"(anonymous_4)","decl":{"start":{"line":17,"column":2},"end":{"line":17,"column":3}},"loc":{"start":{"line":17,"column":12},"end":{"line":19,"column":3}},"line":17}},"branchMap":{},"s":{"0":4,"1":4,"2":4,"3":4,"4":4,"5":4,"6":1,"7":4},"f":{"0":4,"1":4,"2":4,"3":4,"4":1},"b":{},"_coverageSchema":"1a1c01bbd47fc00a2c39e90264f33305004495a9","hash":"4402d2029ea30d045469daf4c1f3b128401cfa8d"}
,"C:\\Users\\abbez\\Desktop\\Team-Profile-Generator\\Develop\\Library\\Engineer.js": {"path":"C:\\Users\\abbez\\Desktop\\Team-Profile-Generator\\Develop\\Library\\Engineer.js","statementMap":{"0":{"start":{"line":1,"column":17},"end":{"line":1,"column":38}},"1":{"start":{"line":5,"column":4},"end":{"line":5,"column":27}},"2":{"start":{"line":6,"column":4},"end":{"line":6,"column":25}},"3":{"start":{"line":10,"column":4},"end":{"line":10,"column":23}},"4":{"start":{"line":13,"column":4},"end":{"line":13,"column":22}},"5":{"start":{"line":17,"column":2},"end":{"line":17,"column":24}},"6":{"start":{"line":19,"column":0},"end":{"line":19,"column":26}}},"fnMap":{"0":{"name":"(anonymous_0)","decl":{"start":{"line":4,"column":2},"end":{"line":4,"column":3}},"loc":{"start":{"line":4,"column":39},"end":{"line":7,"column":3}},"line":4},"1":{"name":"(anonymous_1)","decl":{"start":{"line":9,"column":2},"end":{"line":9,"column":3}},"loc":{"start":{"line":9,"column":14},"end":{"line":11,"column":3}},"line":9},"2":{"name":"(anonymous_2)","decl":{"start":{"line":12,"column":2},"end":{"line":12,"column":3}},"loc":{"start":{"line":12,"column":12},"end":{"line":14,"column":3}},"line":12},"3":{"name":"helper","decl":{"start":{"line":16,"column":9},"end":{"line":16,"column":15}},"loc":{"start":{"line":16,"column":18},"end":{"line":18,"column":1}},"line":16}},"branchMap":{},"s":{"0":1,"1":1,"2":1,"3":0,"4":1,"5":0,"6":1},"f":{"0":1,"1":0,"2":1,"3":0},"b":{},"_coverageSchema":"1a1c01bbd47fc00a2c39e90264f33305004495a9","hash":"516eb6ad2ac7ef92fc00cc847b0283677b156cfa"}
,"C:\\Users\\abbez\\Desktop\\Team-Profile-Generator\\Develop\\Library\\Intern.js": {"path":"C:\\Users\\abbez\\Desktop\\Team-Profile-Generator\\Develop\\Library\\Intern.js","statementMap":{"0":{"start":{"line":1,"column":17},"end":{"line":1,"column":38}},"1":{"start":{"line":5,"column":4},"end":{"line":5,"column":27}},"2":{"start":{"line":6,"column":4},"end":{"line":6,"column":25}},"3":{"start":{"line":11,"column":2},"end":{"line":11,"column":21}},"4":{"start":{"line":15,"column":2},"end":{"line":15,"column":18}},"5":{"start":{"line":20,"column":0},"end":{"line":20,"column":24}}},"fnMap":{"0":{"name":"(anonymous_0)","decl":{"start":{"line":4,"column":2},"end":{"line":4,"column":3}},"loc":{"start":{"line":4,"column":39},"end":{"line":7,"column":3}},"line":4},"1":{"name":"(anonymous_1)","decl":{"start":{"line":9,"column":0},"end":{"line":9,"column":1}},"loc":{"start":{"line":10,"column":0},"end":{"line":12,"column":1}},"line":10},"2":{"name":"(anonymous_2)","decl":{"start":{"line":13,"column":0},"end":{"line":13,"column":1}},"loc":{"start":{"line":14,"column":0},"end":{"line":16,"column":1}},"line":14}},"branchMap":{},"s":{"0":1,"1":1,"2":1,"3":1,"4":1,"5":1},"f":{"0":1,"1":1,"2":1},"b":{},"_coverageSchema":"1a1c01bbd47fc00a2c39e90264f33305004495a9","hash":"27dad12c84b6eebce9219d40791660fa2918696d"}
,"C:\\Users\\abbez\\Desktop\\Team-Profile-Generator\\Develop\\Library\\Manager.js": {"path":"C:\\Users\\abbez\\Desktop\\Team-Profile-Generator\\Develop\\Library\\Manager.js","statementMap":{"0":{"start":{"line":1,"column":17},"end":{"line":1,"column":38}},"1":{"start":{"line":5,"column":4},"end":{"line":5,"column":27}},"2":{"start":{"line":6,"column":4},"end":{"line":6,"column":37}},"3":{"start":{"line":10,"column":4},"end":{"line":10,"column":29}},"4":{"start":{"line":13,"column":2},"end":{"line":13,"column":19}},"5":{"start":{"line":17,"column":0},"end":{"line":17,"column":23}}},"fnMap":{"0":{"name":"(anonymous_0)","decl":{"start":{"line":4,"column":2},"end":{"line":4,"column":3}},"loc":{"start":{"line":4,"column":45},"end":{"line":7,"column":3}},"line":4},"1":{"name":"(anonymous_1)","decl":{"start":{"line":9,"column":2},"end":{"line":9,"column":3}},"loc":{"start":{"line":9,"column":21},"end":{"line":11,"column":3}},"line":9},"2":{"name":"(anonymous_2)","decl":{"start":{"line":12,"column":2},"end":{"line":12,"column":3}},"loc":{"start":{"line":12,"column":12},"end":{"line":14,"column":1}},"line":12}},"branchMap":{},"s":{"0":1,"1":1,"2":1,"3":1,"4":1,"5":1},"f":{"0":1,"1":1,"2":1},"b":{},"_coverageSchema":"1a1c01bbd47fc00a2c39e90264f33305004495a9","hash":"b86fba7eb3692b58c1fa3bc026f189760ab095d4"}
}
